<?xml version="1.0" encoding="UTF-8"?>
<!-- Generated by org.testng.reporters.JUnitReportReporter -->
<testsuite skipped="0" hostname="SVINDK00039" name="samplerestapi.RestAssured.RestGetBasic" tests="1" failures="0" timestamp="2019-12-10T21:02:25 IST" time="1.785" errors="0">
  <testcase name="getBeers" time="1.785" classname="samplerestapi.RestAssured.RestGetBasic"/>
</testsuite> <!-- samplerestapi.RestAssured.RestGetBasic -->
