<?xml version="1.0" encoding="UTF-8"?>
<!-- Generated by org.testng.reporters.JUnitReportReporter -->
<testsuite skipped="0" hostname="SVINDK00039" name="runners.PunkApiRunner" tests="1" failures="0" timestamp="2019-12-13T14:44:42 IST" time="0.127" errors="0">
  <testcase name="runScenario" time="0.127" classname="runners.PunkApiRunner"/>
</testsuite> <!-- runners.PunkApiRunner -->
