<?xml version="1.0" encoding="UTF-8"?>
<!-- Generated by org.testng.reporters.JUnitReportReporter -->
<testsuite skipped="0" hostname="SVINDK00039" name="samplerestapi.RestAssured.AppTest" tests="1" failures="0" timestamp="2019-12-10T20:52:10 IST" time="0.009" errors="0">
  <testcase name="test" time="0.009" classname="samplerestapi.RestAssured.AppTest"/>
</testsuite> <!-- samplerestapi.RestAssured.AppTest -->
